<?xml version="1.0" encoding="UTF-8"?>
<testsuites name="Mocha Tests" time="0" tests="1" failures="0">
  <testsuite name="Root Suite" timestamp="2017-06-01T23:08:02" tests="0" failures="0" time="0">
  </testsuite>
  <testsuite name="Array" timestamp="2017-06-01T23:08:02" tests="0" file="C:\Users\User\projetos\test-unit\frontEnd\test\test.js" failures="0" time="0">
  </testsuite>
  <testsuite name="#indexOf()" timestamp="2017-06-01T23:08:02" tests="1" file="C:\Users\User\projetos\test-unit\frontEnd\test\test.js" failures="0" time="0">
    <testcase name="Array #indexOf() should return -1 when the value is  present" time="0" classname="should return -1 when the value is  present">
    </testcase>
  </testsuite>
</testsuites>